# JRE version: OpenJDK Runtime Environment (8.0_76-b03) (build 1.8.0_76-release-b03)
# Java VM: OpenJDK 64-Bit Server VM (25.76-b03 mixed mode linux-amd64 compressed oops)
Heap:
 PSYoungGen      total 473088K, used 103768K [0x00000000e0000000, 0x00000000ffb80000, 0x0000000100000000)
  eden space 427520K, 21% used [0x00000000e0000000,0x00000000e5aad5a8,0x00000000fa180000)
  from space 45568K, 23% used [0x00000000fa180000,0x00000000fac28d50,0x00000000fce00000)
  to   space 42496K, 0% used [0x00000000fd200000,0x00000000fd200000,0x00000000ffb80000)
 ParOldGen       total 223232K, used 36205K [0x00000000a0000000, 0x00000000ada00000, 0x00000000e0000000)
  object space 223232K, 16% used [0x00000000a0000000,0x00000000a235b580,0x00000000ada00000)
 Metaspace       used 71832K, capacity 76948K, committed 80512K, reserved 1120256K
  class space    used 8927K, capacity 9544K, committed 10368K, reserved 1048576K
GC Heap History (10 events):
Event: 3362.797 GC heap before
{Heap before GC invocations=41 (full 13):
 PSYoungGen      total 460800K, used 1784K [0x00000000e0000000, 0x00000000ff380000, 0x0000000100000000)
  eden space 413184K, 0% used [0x00000000e0000000,0x00000000e0000000,0x00000000f9380000)
  from space 47616K, 3% used [0x00000000fc500000,0x00000000fc6be240,0x00000000ff380000)
  to   space 49152K, 0% used [0x00000000f9380000,0x00000000f9380000,0x00000000fc380000)
 ParOldGen       total 223232K, used 39729K [0x00000000a0000000, 0x00000000ada00000, 0x00000000e0000000)
  object space 223232K, 17% used [0x00000000a0000000,0x00000000a26cc4e0,0x00000000ada00000)
 Metaspace       used 73748K, capacity 79192K, committed 80512K, reserved 1120256K
  class space    used 9342K, capacity 10060K, committed 10368K, reserved 1048576K
Event: 3363.118 GC heap after
Heap after GC invocations=41 (full 13):
 PSYoungGen      total 460800K, used 0K [0x00000000e0000000, 0x00000000ff380000, 0x0000000100000000)
  eden space 413184K, 0% used [0x00000000e0000000,0x00000000e0000000,0x00000000f9380000)
  from space 47616K, 0% used [0x00000000fc500000,0x00000000fc500000,0x00000000ff380000)
  to   space 49152K, 0% used [0x00000000f9380000,0x00000000f9380000,0x00000000fc380000)
 ParOldGen       total 223232K, used 36527K [0x00000000a0000000, 0x00000000ada00000, 0x00000000e0000000)
  object space 223232K, 16% used [0x00000000a0000000,0x00000000a23abda0,0x00000000ada00000)
 Metaspace       used 71188K, capacity 75912K, committed 80512K, reserved 1120256K
  class space    used 8848K, capacity 9460K, committed 10368K, reserved 1048576K
}
Event: 4586.888 GC heap before
{Heap before GC invocations=42 (full 13):
 PSYoungGen      total 460800K, used 413184K [0x00000000e0000000, 0x00000000ff380000, 0x0000000100000000)
  eden space 413184K, 100% used [0x00000000e0000000,0x00000000f9380000,0x00000000f9380000)
  from space 47616K, 0% used [0x00000000fc500000,0x00000000fc500000,0x00000000ff380000)
  to   space 49152K, 0% used [0x00000000f9380000,0x00000000f9380000,0x00000000fc380000)
 ParOldGen       total 223232K, used 36527K [0x00000000a0000000, 0x00000000ada00000, 0x00000000e0000000)
  object space 223232K, 16% used [0x00000000a0000000,0x00000000a23abda0,0x00000000ada00000)
 Metaspace       used 71806K, capacity 76864K, committed 80512K, reserved 1120256K
  class space    used 8948K, capacity 9564K, committed 10368K, reserved 1048576K
Event: 4586.896 GC heap after
Heap after GC invocations=42 (full 13):
 PSYoungGen      total 462336K, used 4197K [0x00000000e0000000, 0x00000000ffd80000, 0x0000000100000000)
  eden space 413184K, 0% used [0x00000000e0000000,0x00000000e0000000,0x00000000f9380000)
  from space 49152K, 8% used [0x00000000f9380000,0x00000000f9799578,0x00000000fc380000)
  to   space 47104K, 0% used [0x00000000fcf80000,0x00000000fcf80000,0x00000000ffd80000)
 ParOldGen       total 223232K, used 36535K [0x00000000a0000000, 0x00000000ada00000, 0x00000000e0000000)
  object space 223232K, 16% used [0x00000000a0000000,0x00000000a23adda0,0x00000000ada00000)
 Metaspace       used 71806K, capacity 76864K, committed 80512K, reserved 1120256K
  class space    used 8948K, capacity 9564K, committed 10368K, reserved 1048576K
}
Event: 4587.576 GC heap before
{Heap before GC invocations=43 (full 13):
 PSYoungGen      total 462336K, used 97610K [0x00000000e0000000, 0x00000000ffd80000, 0x0000000100000000)
  eden space 413184K, 22% used [0x00000000e0000000,0x00000000e5b39620,0x00000000f9380000)
  from space 49152K, 8% used [0x00000000f9380000,0x00000000f9799578,0x00000000fc380000)
  to   space 47104K, 0% used [0x00000000fcf80000,0x00000000fcf80000,0x00000000ffd80000)
 ParOldGen       total 223232K, used 36535K [0x00000000a0000000, 0x00000000ada00000, 0x00000000e0000000)
  object space 223232K, 16% used [0x00000000a0000000,0x00000000a23adda0,0x00000000ada00000)
 Metaspace       used 71838K, capacity 76928K, committed 80512K, reserved 1120256K
  class space    used 8948K, capacity 9564K, committed 10368K, reserved 1048576K
Event: 4587.580 GC heap after
Heap after GC invocations=43 (full 13):
 PSYoungGen      total 471552K, used 1600K [0x00000000e0000000, 0x00000000ffa80000, 0x0000000100000000)
  eden space 427520K, 0% used [0x00000000e0000000,0x00000000e0000000,0x00000000fa180000)
  from space 44032K, 3% used [0x00000000fcf80000,0x00000000fd110020,0x00000000ffa80000)
  to   space 45568K, 0% used [0x00000000fa180000,0x00000000fa180000,0x00000000fce00000)
 ParOldGen       total 223232K, used 36543K [0x00000000a0000000, 0x00000000ada00000, 0x00000000e0000000)
  object space 223232K, 16% used [0x00000000a0000000,0x00000000a23afda0,0x00000000ada00000)
 Metaspace       used 71838K, capacity 76928K, committed 80512K, reserved 1120256K
  class space    used 8948K, capacity 9564K, committed 10368K, reserved 1048576K
}
Event: 4587.580 GC heap before
{Heap before GC invocations=44 (full 14):
 PSYoungGen      total 471552K, used 1600K [0x00000000e0000000, 0x00000000ffa80000, 0x0000000100000000)
  eden space 427520K, 0% used [0x00000000e0000000,0x00000000e0000000,0x00000000fa180000)
  from space 44032K, 3% used [0x00000000fcf80000,0x00000000fd110020,0x00000000ffa80000)
  to   space 45568K, 0% used [0x00000000fa180000,0x00000000fa180000,0x00000000fce00000)
 ParOldGen       total 223232K, used 36543K [0x00000000a0000000, 0x00000000ada00000, 0x00000000e0000000)
  object space 223232K, 16% used [0x00000000a0000000,0x00000000a23afda0,0x00000000ada00000)
 Metaspace       used 71838K, capacity 76928K, committed 80512K, reserved 1120256K
  class space    used 8948K, capacity 9564K, committed 10368K, reserved 1048576K
Event: 4587.768 GC heap after
Heap after GC invocations=44 (full 14):
 PSYoungGen      total 471552K, used 0K [0x00000000e0000000, 0x00000000ffa80000, 0x0000000100000000)
  eden space 427520K, 0% used [0x00000000e0000000,0x00000000e0000000,0x00000000fa180000)
  from space 44032K, 0% used [0x00000000fcf80000,0x00000000fcf80000,0x00000000ffa80000)
  to   space 45568K, 0% used [0x00000000fa180000,0x00000000fa180000,0x00000000fce00000)
 ParOldGen       total 223232K, used 36197K [0x00000000a0000000, 0x00000000ada00000, 0x00000000e0000000)
  object space 223232K, 16% used [0x00000000a0000000,0x00000000a2359580,0x00000000ada00000)
 Metaspace       used 71642K, capacity 76680K, committed 80512K, reserved 1120256K
  class space    used 8908K, capacity 9524K, committed 10368K, reserved 1048576K
}
Event: 4652.440 GC heap before
{Heap before GC invocations=45 (full 14):
 PSYoungGen      total 471552K, used 427422K [0x00000000e0000000, 0x00000000ffa80000, 0x0000000100000000)
  eden space 427520K, 99% used [0x00000000e0000000,0x00000000fa167a90,0x00000000fa180000)
  from space 44032K, 0% used [0x00000000fcf80000,0x00000000fcf80000,0x00000000ffa80000)
  to   space 45568K, 0% used [0x00000000fa180000,0x00000000fa180000,0x00000000fce00000)
 ParOldGen       total 223232K, used 36197K [0x00000000a0000000, 0x00000000ada00000, 0x00000000e0000000)
  object space 223232K, 16% used [0x00000000a0000000,0x00000000a2359580,0x00000000ada00000)
 Metaspace       used 71779K, capacity 76796K, committed 80512K, reserved 1120256K
  class space    used 8920K, capacity 9536K, committed 10368K, reserved 1048576K
Event: 4652.449 GC heap after
Heap after GC invocations=45 (full 14):
 PSYoungGen      total 473088K, used 10915K [0x00000000e0000000, 0x00000000ffb80000, 0x0000000100000000)
  eden space 427520K, 0% used [0x00000000e0000000,0x00000000e0000000,0x00000000fa180000)
  from space 45568K, 23% used [0x00000000fa180000,0x00000000fac28d50,0x00000000fce00000)
  to   space 42496K, 0% used [0x00000000fd200000,0x00000000fd200000,0x00000000ffb80000)
 ParOldGen       total 223232K, used 36205K [0x00000000a0000000, 0x00000000ada00000, 0x00000000e0000000)
  object space 223232K, 16% used [0x00000000a0000000,0x00000000a235b580,0x00000000ada00000)
 Metaspace       used 71779K, capacity 76796K, committed 80512K, reserved 1120256K
  class space    used 8920K, capacity 9536K, committed 10368K, reserved 1048576K
}

