# JRE version: OpenJDK Runtime Environment (8.0_76-b03) (build 1.8.0_76-release-b03)
# Java VM: OpenJDK 64-Bit Server VM (25.76-b03 mixed mode linux-amd64 compressed oops)
Heap:
 PSYoungGen      total 463360K, used 62432K [0x00000000e0000000, 0x00000000ffe80000, 0x0000000100000000)
  eden space 403968K, 15% used [0x00000000e0000000,0x00000000e3cf81f8,0x00000000f8a80000)
  from space 59392K, 0% used [0x00000000fc480000,0x00000000fc480000,0x00000000ffe80000)
  to   space 59392K, 0% used [0x00000000f8a80000,0x00000000f8a80000,0x00000000fc480000)
 ParOldGen       total 217600K, used 30454K [0x00000000a0000000, 0x00000000ad480000, 0x00000000e0000000)
  object space 217600K, 13% used [0x00000000a0000000,0x00000000a1dbdb88,0x00000000ad480000)
 Metaspace       used 65931K, capacity 67594K, committed 68864K, reserved 1110016K
  class space    used 8269K, capacity 8630K, committed 8960K, reserved 1048576K
GC Heap History (10 events):
Event: 21.269 GC heap before
{Heap before GC invocations=18 (full 4):
 PSYoungGen      total 443904K, used 329084K [0x00000000e0000000, 0x0000000100000000, 0x0000000100000000)
  eden space 408576K, 71% used [0x00000000e0000000,0x00000000f1ef14a0,0x00000000f8f00000)
  from space 35328K, 99% used [0x00000000f8f00000,0x00000000fb16dd10,0x00000000fb180000)
  to   space 59392K, 0% used [0x00000000fc600000,0x00000000fc600000,0x0000000100000000)
 ParOldGen       total 217600K, used 105874K [0x00000000a0000000, 0x00000000ad480000, 0x00000000e0000000)
  object space 217600K, 48% used [0x00000000a0000000,0x00000000a67649e0,0x00000000ad480000)
 Metaspace       used 65105K, capacity 66866K, committed 67072K, reserved 1107968K
  class space    used 8316K, capacity 8691K, committed 8704K, reserved 1048576K
Event: 21.324 GC heap after
Heap after GC invocations=18 (full 4):
 PSYoungGen      total 461824K, used 37492K [0x00000000e0000000, 0x0000000100000000, 0x0000000100000000)
  eden space 402432K, 0% used [0x00000000e0000000,0x00000000e0000000,0x00000000f8900000)
  from space 59392K, 63% used [0x00000000fc600000,0x00000000fea9d128,0x0000000100000000)
  to   space 60928K, 0% used [0x00000000f8900000,0x00000000f8900000,0x00000000fc480000)
 ParOldGen       total 217600K, used 105882K [0x00000000a0000000, 0x00000000ad480000, 0x00000000e0000000)
  object space 217600K, 48% used [0x00000000a0000000,0x00000000a67669e0,0x00000000ad480000)
 Metaspace       used 65105K, capacity 66866K, committed 67072K, reserved 1107968K
  class space    used 8316K, capacity 8691K, committed 8704K, reserved 1048576K
}
Event: 21.324 GC heap before
{Heap before GC invocations=19 (full 5):
 PSYoungGen      total 461824K, used 37492K [0x00000000e0000000, 0x0000000100000000, 0x0000000100000000)
  eden space 402432K, 0% used [0x00000000e0000000,0x00000000e0000000,0x00000000f8900000)
  from space 59392K, 63% used [0x00000000fc600000,0x00000000fea9d128,0x0000000100000000)
  to   space 60928K, 0% used [0x00000000f8900000,0x00000000f8900000,0x00000000fc480000)
 ParOldGen       total 217600K, used 105882K [0x00000000a0000000, 0x00000000ad480000, 0x00000000e0000000)
  object space 217600K, 48% used [0x00000000a0000000,0x00000000a67669e0,0x00000000ad480000)
 Metaspace       used 65105K, capacity 66866K, committed 67072K, reserved 1107968K
  class space    used 8316K, capacity 8691K, committed 8704K, reserved 1048576K
Event: 21.551 GC heap after
Heap after GC invocations=19 (full 5):
 PSYoungGen      total 461824K, used 0K [0x00000000e0000000, 0x0000000100000000, 0x0000000100000000)
  eden space 402432K, 0% used [0x00000000e0000000,0x00000000e0000000,0x00000000f8900000)
  from space 59392K, 0% used [0x00000000fc600000,0x00000000fc600000,0x0000000100000000)
  to   space 60928K, 0% used [0x00000000f8900000,0x00000000f8900000,0x00000000fc480000)
 ParOldGen       total 217600K, used 41195K [0x00000000a0000000, 0x00000000ad480000, 0x00000000e0000000)
  object space 217600K, 18% used [0x00000000a0000000,0x00000000a283afe8,0x00000000ad480000)
 Metaspace       used 65105K, capacity 66866K, committed 67072K, reserved 1107968K
  class space    used 8316K, capacity 8691K, committed 8704K, reserved 1048576K
}
Event: 2801.020 GC heap before
{Heap before GC invocations=20 (full 5):
 PSYoungGen      total 461824K, used 402432K [0x00000000e0000000, 0x0000000100000000, 0x0000000100000000)
  eden space 402432K, 100% used [0x00000000e0000000,0x00000000f8900000,0x00000000f8900000)
  from space 59392K, 0% used [0x00000000fc600000,0x00000000fc600000,0x0000000100000000)
  to   space 60928K, 0% used [0x00000000f8900000,0x00000000f8900000,0x00000000fc480000)
 ParOldGen       total 217600K, used 41195K [0x00000000a0000000, 0x00000000ad480000, 0x00000000e0000000)
  object space 217600K, 18% used [0x00000000a0000000,0x00000000a283afe8,0x00000000ad480000)
 Metaspace       used 66524K, capacity 68518K, committed 68864K, reserved 1110016K
  class space    used 8418K, capacity 8869K, committed 8960K, reserved 1048576K
Event: 2801.042 GC heap after
Heap after GC invocations=20 (full 5):
 PSYoungGen      total 463360K, used 13236K [0x00000000e0000000, 0x00000000ffe80000, 0x0000000100000000)
  eden space 402432K, 0% used [0x00000000e0000000,0x00000000e0000000,0x00000000f8900000)
  from space 60928K, 21% used [0x00000000f8900000,0x00000000f95ed3f8,0x00000000fc480000)
  to   space 59392K, 0% used [0x00000000fc480000,0x00000000fc480000,0x00000000ffe80000)
 ParOldGen       total 217600K, used 41203K [0x00000000a0000000, 0x00000000ad480000, 0x00000000e0000000)
  object space 217600K, 18% used [0x00000000a0000000,0x00000000a283cfe8,0x00000000ad480000)
 Metaspace       used 66524K, capacity 68518K, committed 68864K, reserved 1110016K
  class space    used 8418K, capacity 8869K, committed 8960K, reserved 1048576K
}
Event: 2801.938 GC heap before
{Heap before GC invocations=21 (full 5):
 PSYoungGen      total 463360K, used 330515K [0x00000000e0000000, 0x00000000ffe80000, 0x0000000100000000)
  eden space 402432K, 78% used [0x00000000e0000000,0x00000000f35d7b30,0x00000000f8900000)
  from space 60928K, 21% used [0x00000000f8900000,0x00000000f95ed3f8,0x00000000fc480000)
  to   space 59392K, 0% used [0x00000000fc480000,0x00000000fc480000,0x00000000ffe80000)
 ParOldGen       total 217600K, used 41203K [0x00000000a0000000, 0x00000000ad480000, 0x00000000e0000000)
  object space 217600K, 18% used [0x00000000a0000000,0x00000000a283cfe8,0x00000000ad480000)
 Metaspace       used 66615K, capacity 68588K, committed 68864K, reserved 1110016K
  class space    used 8418K, capacity 8870K, committed 8960K, reserved 1048576K
Event: 2801.945 GC heap after
Heap after GC invocations=21 (full 5):
 PSYoungGen      total 463360K, used 3239K [0x00000000e0000000, 0x00000000ffe80000, 0x0000000100000000)
  eden space 403968K, 0% used [0x00000000e0000000,0x00000000e0000000,0x00000000f8a80000)
  from space 59392K, 5% used [0x00000000fc480000,0x00000000fc7a9d40,0x00000000ffe80000)
  to   space 59392K, 0% used [0x00000000f8a80000,0x00000000f8a80000,0x00000000fc480000)
 ParOldGen       total 217600K, used 41211K [0x00000000a0000000, 0x00000000ad480000, 0x00000000e0000000)
  object space 217600K, 18% used [0x00000000a0000000,0x00000000a283efe8,0x00000000ad480000)
 Metaspace       used 66615K, capacity 68588K, committed 68864K, reserved 1110016K
  class space    used 8418K, capacity 8870K, committed 8960K, reserved 1048576K
}
Event: 2801.945 GC heap before
{Heap before GC invocations=22 (full 6):
 PSYoungGen      total 463360K, used 3239K [0x00000000e0000000, 0x00000000ffe80000, 0x0000000100000000)
  eden space 403968K, 0% used [0x00000000e0000000,0x00000000e0000000,0x00000000f8a80000)
  from space 59392K, 5% used [0x00000000fc480000,0x00000000fc7a9d40,0x00000000ffe80000)
  to   space 59392K, 0% used [0x00000000f8a80000,0x00000000f8a80000,0x00000000fc480000)
 ParOldGen       total 217600K, used 41211K [0x00000000a0000000, 0x00000000ad480000, 0x00000000e0000000)
  object space 217600K, 18% used [0x00000000a0000000,0x00000000a283efe8,0x00000000ad480000)
 Metaspace       used 66615K, capacity 68588K, committed 68864K, reserved 1110016K
  class space    used 8418K, capacity 8870K, committed 8960K, reserved 1048576K
Event: 2802.122 GC heap after
Heap after GC invocations=22 (full 6):
 PSYoungGen      total 463360K, used 0K [0x00000000e0000000, 0x00000000ffe80000, 0x0000000100000000)
  eden space 403968K, 0% used [0x00000000e0000000,0x00000000e0000000,0x00000000f8a80000)
  from space 59392K, 0% used [0x00000000fc480000,0x00000000fc480000,0x00000000ffe80000)
  to   space 59392K, 0% used [0x00000000f8a80000,0x00000000f8a80000,0x00000000fc480000)
 ParOldGen       total 217600K, used 30454K [0x00000000a0000000, 0x00000000ad480000, 0x00000000e0000000)
  object space 217600K, 13% used [0x00000000a0000000,0x00000000a1dbdb88,0x00000000ad480000)
 Metaspace       used 65604K, capacity 67102K, committed 68864K, reserved 1110016K
  class space    used 8236K, capacity 8575K, committed 8960K, reserved 1048576K
}

