# JRE version: OpenJDK Runtime Environment (8.0_76-b03) (build 1.8.0_76-release-b03)
# Java VM: OpenJDK 64-Bit Server VM (25.76-b03 mixed mode linux-amd64 compressed oops)
Heap:
 PSYoungGen      total 380928K, used 233291K [0x00000000e0000000, 0x0000000100000000, 0x0000000100000000)
  eden space 305152K, 61% used [0x00000000e0000000,0x00000000eb7c6e40,0x00000000f2a00000)
  from space 75776K, 59% used [0x00000000f2a00000,0x00000000f560c150,0x00000000f7400000)
  to   space 76288K, 0% used [0x00000000fb580000,0x00000000fb580000,0x0000000100000000)
 ParOldGen       total 220672K, used 107602K [0x00000000a0000000, 0x00000000ad780000, 0x00000000e0000000)
  object space 220672K, 48% used [0x00000000a0000000,0x00000000a6914900,0x00000000ad780000)
 Metaspace       used 72199K, capacity 75068K, committed 75392K, reserved 1114112K
  class space    used 9204K, capacity 9813K, committed 9856K, reserved 1048576K
GC Heap History (10 events):
Event: 557.802 GC heap before
{Heap before GC invocations=31 (full 3):
 PSYoungGen      total 269312K, used 269309K [0x00000000e0000000, 0x00000000f5680000, 0x0000000100000000)
  eden space 238080K, 100% used [0x00000000e0000000,0x00000000ee880000,0x00000000ee880000)
  from space 31232K, 99% used [0x00000000ee880000,0x00000000f06ff6e8,0x00000000f0700000)
  to   space 36864K, 0% used [0x00000000f3280000,0x00000000f3280000,0x00000000f5680000)
 ParOldGen       total 108032K, used 48596K [0x00000000a0000000, 0x00000000a6980000, 0x00000000e0000000)
  object space 108032K, 44% used [0x00000000a0000000,0x00000000a2f75308,0x00000000a6980000)
 Metaspace       used 71574K, capacity 74412K, committed 74624K, reserved 1114112K
  class space    used 9208K, capacity 9823K, committed 9856K, reserved 1048576K
Event: 557.883 GC heap after
Heap after GC invocations=31 (full 3):
 PSYoungGen      total 303104K, used 36850K [0x00000000e0000000, 0x00000000f7100000, 0x0000000100000000)
  eden space 266240K, 0% used [0x00000000e0000000,0x00000000e0000000,0x00000000f0400000)
  from space 36864K, 99% used [0x00000000f3280000,0x00000000f567cae8,0x00000000f5680000)
  to   space 47616K, 0% used [0x00000000f0400000,0x00000000f0400000,0x00000000f3280000)
 ParOldGen       total 108032K, used 64212K [0x00000000a0000000, 0x00000000a6980000, 0x00000000e0000000)
  object space 108032K, 59% used [0x00000000a0000000,0x00000000a3eb51e8,0x00000000a6980000)
 Metaspace       used 71574K, capacity 74412K, committed 74624K, reserved 1114112K
  class space    used 9208K, capacity 9823K, committed 9856K, reserved 1048576K
}
Event: 559.167 GC heap before
{Heap before GC invocations=32 (full 3):
 PSYoungGen      total 303104K, used 303090K [0x00000000e0000000, 0x00000000f7100000, 0x0000000100000000)
  eden space 266240K, 100% used [0x00000000e0000000,0x00000000f0400000,0x00000000f0400000)
  from space 36864K, 99% used [0x00000000f3280000,0x00000000f567cae8,0x00000000f5680000)
  to   space 47616K, 0% used [0x00000000f0400000,0x00000000f0400000,0x00000000f3280000)
 ParOldGen       total 108032K, used 64212K [0x00000000a0000000, 0x00000000a6980000, 0x00000000e0000000)
  object space 108032K, 59% used [0x00000000a0000000,0x00000000a3eb51e8,0x00000000a6980000)
 Metaspace       used 71787K, capacity 74604K, committed 74880K, reserved 1114112K
  class space    used 9209K, capacity 9823K, committed 9856K, reserved 1048576K
Event: 559.261 GC heap after
Heap after GC invocations=32 (full 3):
 PSYoungGen      total 313856K, used 47585K [0x00000000e0000000, 0x00000000fae00000, 0x0000000100000000)
  eden space 266240K, 0% used [0x00000000e0000000,0x00000000e0000000,0x00000000f0400000)
  from space 47616K, 99% used [0x00000000f0400000,0x00000000f32786e0,0x00000000f3280000)
  to   space 59392K, 0% used [0x00000000f7400000,0x00000000f7400000,0x00000000fae00000)
 ParOldGen       total 108032K, used 77056K [0x00000000a0000000, 0x00000000a6980000, 0x00000000e0000000)
  object space 108032K, 71% used [0x00000000a0000000,0x00000000a4b40280,0x00000000a6980000)
 Metaspace       used 71787K, capacity 74604K, committed 74880K, reserved 1114112K
  class space    used 9209K, capacity 9823K, committed 9856K, reserved 1048576K
}
Event: 560.111 GC heap before
{Heap before GC invocations=33 (full 3):
 PSYoungGen      total 313856K, used 313825K [0x00000000e0000000, 0x00000000fae00000, 0x0000000100000000)
  eden space 266240K, 100% used [0x00000000e0000000,0x00000000f0400000,0x00000000f0400000)
  from space 47616K, 99% used [0x00000000f0400000,0x00000000f32786e0,0x00000000f3280000)
  to   space 59392K, 0% used [0x00000000f7400000,0x00000000f7400000,0x00000000fae00000)
 ParOldGen       total 108032K, used 77056K [0x00000000a0000000, 0x00000000a6980000, 0x00000000e0000000)
  object space 108032K, 71% used [0x00000000a0000000,0x00000000a4b40280,0x00000000a6980000)
 Metaspace       used 71965K, capacity 74796K, committed 74880K, reserved 1114112K
  class space    used 9209K, capacity 9823K, committed 9856K, reserved 1048576K
Event: 560.221 GC heap after
Heap after GC invocations=33 (full 3):
 PSYoungGen      total 364544K, used 59377K [0x00000000e0000000, 0x00000000fd480000, 0x0000000100000000)
  eden space 305152K, 0% used [0x00000000e0000000,0x00000000e0000000,0x00000000f2a00000)
  from space 59392K, 99% used [0x00000000f7400000,0x00000000fadfc790,0x00000000fae00000)
  to   space 75776K, 0% used [0x00000000f2a00000,0x00000000f2a00000,0x00000000f7400000)
 ParOldGen       total 108032K, used 95581K [0x00000000a0000000, 0x00000000a6980000, 0x00000000e0000000)
  object space 108032K, 88% used [0x00000000a0000000,0x00000000a5d57560,0x00000000a6980000)
 Metaspace       used 71965K, capacity 74796K, committed 74880K, reserved 1114112K
  class space    used 9209K, capacity 9823K, committed 9856K, reserved 1048576K
}
Event: 560.221 GC heap before
{Heap before GC invocations=34 (full 4):
 PSYoungGen      total 364544K, used 59377K [0x00000000e0000000, 0x00000000fd480000, 0x0000000100000000)
  eden space 305152K, 0% used [0x00000000e0000000,0x00000000e0000000,0x00000000f2a00000)
  from space 59392K, 99% used [0x00000000f7400000,0x00000000fadfc790,0x00000000fae00000)
  to   space 75776K, 0% used [0x00000000f2a00000,0x00000000f2a00000,0x00000000f7400000)
 ParOldGen       total 108032K, used 95581K [0x00000000a0000000, 0x00000000a6980000, 0x00000000e0000000)
  object space 108032K, 88% used [0x00000000a0000000,0x00000000a5d57560,0x00000000a6980000)
 Metaspace       used 71965K, capacity 74796K, committed 74880K, reserved 1114112K
  class space    used 9209K, capacity 9823K, committed 9856K, reserved 1048576K
Event: 560.866 GC heap after
Heap after GC invocations=34 (full 4):
 PSYoungGen      total 364544K, used 5075K [0x00000000e0000000, 0x00000000fd480000, 0x0000000100000000)
  eden space 305152K, 0% used [0x00000000e0000000,0x00000000e0000000,0x00000000f2a00000)
  from space 59392K, 8% used [0x00000000f7400000,0x00000000f78f4f90,0x00000000fae00000)
  to   space 75776K, 0% used [0x00000000f2a00000,0x00000000f2a00000,0x00000000f7400000)
 ParOldGen       total 220672K, used 107586K [0x00000000a0000000, 0x00000000ad780000, 0x00000000e0000000)
  object space 220672K, 48% used [0x00000000a0000000,0x00000000a6910900,0x00000000ad780000)
 Metaspace       used 71949K, capacity 74748K, committed 74880K, reserved 1114112K
  class space    used 9204K, capacity 9813K, committed 9856K, reserved 1048576K
}
Event: 561.723 GC heap before
{Heap before GC invocations=35 (full 4):
 PSYoungGen      total 364544K, used 310227K [0x00000000e0000000, 0x00000000fd480000, 0x0000000100000000)
  eden space 305152K, 100% used [0x00000000e0000000,0x00000000f2a00000,0x00000000f2a00000)
  from space 59392K, 8% used [0x00000000f7400000,0x00000000f78f4f90,0x00000000fae00000)
  to   space 75776K, 0% used [0x00000000f2a00000,0x00000000f2a00000,0x00000000f7400000)
 ParOldGen       total 220672K, used 107586K [0x00000000a0000000, 0x00000000ad780000, 0x00000000e0000000)
  object space 220672K, 48% used [0x00000000a0000000,0x00000000a6910900,0x00000000ad780000)
 Metaspace       used 72063K, capacity 74876K, committed 75136K, reserved 1114112K
  class space    used 9204K, capacity 9813K, committed 9856K, reserved 1048576K
Event: 561.818 GC heap after
Heap after GC invocations=35 (full 4):
 PSYoungGen      total 380928K, used 45104K [0x00000000e0000000, 0x0000000100000000, 0x0000000100000000)
  eden space 305152K, 0% used [0x00000000e0000000,0x00000000e0000000,0x00000000f2a00000)
  from space 75776K, 59% used [0x00000000f2a00000,0x00000000f560c150,0x00000000f7400000)
  to   space 76288K, 0% used [0x00000000fb580000,0x00000000fb580000,0x0000000100000000)
 ParOldGen       total 220672K, used 107602K [0x00000000a0000000, 0x00000000ad780000, 0x00000000e0000000)
  object space 220672K, 48% used [0x00000000a0000000,0x00000000a6914900,0x00000000ad780000)
 Metaspace       used 72063K, capacity 74876K, committed 75136K, reserved 1114112K
  class space    used 9204K, capacity 9813K, committed 9856K, reserved 1048576K
}

