# JRE version: OpenJDK Runtime Environment (8.0_76-b03) (build 1.8.0_76-release-b03)
# Java VM: OpenJDK 64-Bit Server VM (25.76-b03 mixed mode linux-amd64 compressed oops)
Heap:
 PSYoungGen      total 508416K, used 184101K [0x00000000e0000000, 0x0000000100000000, 0x0000000100000000)
  eden space 491520K, 37% used [0x00000000e0000000,0x00000000eb3c9490,0x00000000fe000000)
  from space 16896K, 0% used [0x00000000fef80000,0x00000000fef80000,0x0000000100000000)
  to   space 15872K, 0% used [0x00000000fe000000,0x00000000fe000000,0x00000000fef80000)
 ParOldGen       total 121344K, used 27956K [0x00000000a0000000, 0x00000000a7680000, 0x00000000e0000000)
  object space 121344K, 23% used [0x00000000a0000000,0x00000000a1b4d258,0x00000000a7680000)
 Metaspace       used 68930K, capacity 72794K, committed 77056K, reserved 1116160K
  class space    used 8504K, capacity 8945K, committed 9728K, reserved 1048576K
GC Heap History (10 events):
Event: 7676.451 GC heap before
{Heap before GC invocations=46 (full 18):
 PSYoungGen      total 488960K, used 485888K [0x00000000e0000000, 0x00000000ffd80000, 0x0000000100000000)
  eden space 485888K, 100% used [0x00000000e0000000,0x00000000fda80000,0x00000000fda80000)
  from space 3072K, 0% used [0x00000000fda80000,0x00000000fda80000,0x00000000fdd80000)
  to   space 17920K, 0% used [0x00000000fec00000,0x00000000fec00000,0x00000000ffd80000)
 ParOldGen       total 121344K, used 32811K [0x00000000a0000000, 0x00000000a7680000, 0x00000000e0000000)
  object space 121344K, 27% used [0x00000000a0000000,0x00000000a200ad30,0x00000000a7680000)
 Metaspace       used 70739K, capacity 76128K, committed 76544K, reserved 1116160K
  class space    used 8893K, capacity 9514K, committed 9728K, reserved 1048576K
Event: 7676.465 GC heap after
Heap after GC invocations=46 (full 18):
 PSYoungGen      total 504320K, used 7605K [0x00000000e0000000, 0x0000000100000000, 0x0000000100000000)
  eden space 486400K, 0% used [0x00000000e0000000,0x00000000e0000000,0x00000000fdb00000)
  from space 17920K, 42% used [0x00000000fec00000,0x00000000ff36d588,0x00000000ffd80000)
  to   space 17408K, 0% used [0x00000000fdb00000,0x00000000fdb00000,0x00000000fec00000)
 ParOldGen       total 121344K, used 32819K [0x00000000a0000000, 0x00000000a7680000, 0x00000000e0000000)
  object space 121344K, 27% used [0x00000000a0000000,0x00000000a200cd30,0x00000000a7680000)
 Metaspace       used 70739K, capacity 76128K, committed 76544K, reserved 1116160K
  class space    used 8893K, capacity 9514K, committed 9728K, reserved 1048576K
}
Event: 7676.570 GC heap before
{Heap before GC invocations=47 (full 18):
 PSYoungGen      total 504320K, used 21553K [0x00000000e0000000, 0x0000000100000000, 0x0000000100000000)
  eden space 486400K, 2% used [0x00000000e0000000,0x00000000e0d9f210,0x00000000fdb00000)
  from space 17920K, 42% used [0x00000000fec00000,0x00000000ff36d588,0x00000000ffd80000)
  to   space 17408K, 0% used [0x00000000fdb00000,0x00000000fdb00000,0x00000000fec00000)
 ParOldGen       total 121344K, used 32819K [0x00000000a0000000, 0x00000000a7680000, 0x00000000e0000000)
  object space 121344K, 27% used [0x00000000a0000000,0x00000000a200cd30,0x00000000a7680000)
 Metaspace       used 70951K, capacity 76440K, committed 76800K, reserved 1116160K
  class space    used 8930K, capacity 9554K, committed 9728K, reserved 1048576K
Event: 7676.576 GC heap after
Heap after GC invocations=47 (full 18):
 PSYoungGen      total 503808K, used 1334K [0x00000000e0000000, 0x0000000100000000, 0x0000000100000000)
  eden space 486400K, 0% used [0x00000000e0000000,0x00000000e0000000,0x00000000fdb00000)
  from space 17408K, 7% used [0x00000000fdb00000,0x00000000fdc4da68,0x00000000fec00000)
  to   space 16896K, 0% used [0x00000000fef80000,0x00000000fef80000,0x0000000100000000)
 ParOldGen       total 121344K, used 32827K [0x00000000a0000000, 0x00000000a7680000, 0x00000000e0000000)
  object space 121344K, 27% used [0x00000000a0000000,0x00000000a200ed30,0x00000000a7680000)
 Metaspace       used 70951K, capacity 76440K, committed 76800K, reserved 1116160K
  class space    used 8930K, capacity 9554K, committed 9728K, reserved 1048576K
}
Event: 7676.576 GC heap before
{Heap before GC invocations=48 (full 19):
 PSYoungGen      total 503808K, used 1334K [0x00000000e0000000, 0x0000000100000000, 0x0000000100000000)
  eden space 486400K, 0% used [0x00000000e0000000,0x00000000e0000000,0x00000000fdb00000)
  from space 17408K, 7% used [0x00000000fdb00000,0x00000000fdc4da68,0x00000000fec00000)
  to   space 16896K, 0% used [0x00000000fef80000,0x00000000fef80000,0x0000000100000000)
 ParOldGen       total 121344K, used 32827K [0x00000000a0000000, 0x00000000a7680000, 0x00000000e0000000)
  object space 121344K, 27% used [0x00000000a0000000,0x00000000a200ed30,0x00000000a7680000)
 Metaspace       used 70951K, capacity 76440K, committed 76800K, reserved 1116160K
  class space    used 8930K, capacity 9554K, committed 9728K, reserved 1048576K
Event: 7676.740 GC heap after
Heap after GC invocations=48 (full 19):
 PSYoungGen      total 503808K, used 0K [0x00000000e0000000, 0x0000000100000000, 0x0000000100000000)
  eden space 486400K, 0% used [0x00000000e0000000,0x00000000e0000000,0x00000000fdb00000)
  from space 17408K, 0% used [0x00000000fdb00000,0x00000000fdb00000,0x00000000fec00000)
  to   space 16896K, 0% used [0x00000000fef80000,0x00000000fef80000,0x0000000100000000)
 ParOldGen       total 121344K, used 31718K [0x00000000a0000000, 0x00000000a7680000, 0x00000000e0000000)
  object space 121344K, 26% used [0x00000000a0000000,0x00000000a1ef9968,0x00000000a7680000)
 Metaspace       used 70951K, capacity 76440K, committed 76800K, reserved 1116160K
  class space    used 8930K, capacity 9554K, committed 9728K, reserved 1048576K
}
Event: 9928.203 GC heap before
{Heap before GC invocations=49 (full 19):
 PSYoungGen      total 503808K, used 293209K [0x00000000e0000000, 0x0000000100000000, 0x0000000100000000)
  eden space 486400K, 60% used [0x00000000e0000000,0x00000000f1e56788,0x00000000fdb00000)
  from space 17408K, 0% used [0x00000000fdb00000,0x00000000fdb00000,0x00000000fec00000)
  to   space 16896K, 0% used [0x00000000fef80000,0x00000000fef80000,0x0000000100000000)
 ParOldGen       total 121344K, used 31718K [0x00000000a0000000, 0x00000000a7680000, 0x00000000e0000000)
  object space 121344K, 26% used [0x00000000a0000000,0x00000000a1ef9968,0x00000000a7680000)
 Metaspace       used 71267K, capacity 76886K, committed 77056K, reserved 1116160K
  class space    used 8977K, capacity 9635K, committed 9728K, reserved 1048576K
Event: 9928.208 GC heap after
Heap after GC invocations=49 (full 19):
 PSYoungGen      total 508416K, used 4138K [0x00000000e0000000, 0x0000000100000000, 0x0000000100000000)
  eden space 491520K, 0% used [0x00000000e0000000,0x00000000e0000000,0x00000000fe000000)
  from space 16896K, 24% used [0x00000000fef80000,0x00000000ff38aba0,0x0000000100000000)
  to   space 15872K, 0% used [0x00000000fe000000,0x00000000fe000000,0x00000000fef80000)
 ParOldGen       total 121344K, used 31726K [0x00000000a0000000, 0x00000000a7680000, 0x00000000e0000000)
  object space 121344K, 26% used [0x00000000a0000000,0x00000000a1efb968,0x00000000a7680000)
 Metaspace       used 71267K, capacity 76886K, committed 77056K, reserved 1116160K
  class space    used 8977K, capacity 9635K, committed 9728K, reserved 1048576K
}
Event: 9928.209 GC heap before
{Heap before GC invocations=50 (full 20):
 PSYoungGen      total 508416K, used 4138K [0x00000000e0000000, 0x0000000100000000, 0x0000000100000000)
  eden space 491520K, 0% used [0x00000000e0000000,0x00000000e0000000,0x00000000fe000000)
  from space 16896K, 24% used [0x00000000fef80000,0x00000000ff38aba0,0x0000000100000000)
  to   space 15872K, 0% used [0x00000000fe000000,0x00000000fe000000,0x00000000fef80000)
 ParOldGen       total 121344K, used 31726K [0x00000000a0000000, 0x00000000a7680000, 0x00000000e0000000)
  object space 121344K, 26% used [0x00000000a0000000,0x00000000a1efb968,0x00000000a7680000)
 Metaspace       used 71267K, capacity 76886K, committed 77056K, reserved 1116160K
  class space    used 8977K, capacity 9635K, committed 9728K, reserved 1048576K
Event: 9928.420 GC heap after
Heap after GC invocations=50 (full 20):
 PSYoungGen      total 508416K, used 0K [0x00000000e0000000, 0x0000000100000000, 0x0000000100000000)
  eden space 491520K, 0% used [0x00000000e0000000,0x00000000e0000000,0x00000000fe000000)
  from space 16896K, 0% used [0x00000000fef80000,0x00000000fef80000,0x0000000100000000)
  to   space 15872K, 0% used [0x00000000fe000000,0x00000000fe000000,0x00000000fef80000)
 ParOldGen       total 121344K, used 27956K [0x00000000a0000000, 0x00000000a7680000, 0x00000000e0000000)
  object space 121344K, 23% used [0x00000000a0000000,0x00000000a1b4d258,0x00000000a7680000)
 Metaspace       used 68568K, capacity 72184K, committed 77056K, reserved 1116160K
  class space    used 8453K, capacity 8858K, committed 9728K, reserved 1048576K
}

